0 info it worked if it ends with ok
1 verbose cli [ '/usr/bin/node', '/usr/bin/npm', 'install' ]
2 info using npm@1.3.8
3 info using node@v0.10.18
4 verbose node symlink /usr/bin/node
5 error install Couldn't read dependencies
6 error Error: ENOENT, open '/home/tenari/sites/new-betchyu/package.json'
7 error If you need help, you may report this log at:
7 error     <http://github.com/isaacs/npm/issues>
7 error or email it to:
7 error     <npm-@googlegroups.com>
8 error System Linux 3.2.0-67-generic-pae
9 error command "/usr/bin/node" "/usr/bin/npm" "install"
10 error cwd /home/tenari/sites/new-betchyu
11 error node -v v0.10.18
12 error npm -v 1.3.8
13 error path /home/tenari/sites/new-betchyu/package.json
14 error code ENOENT
15 error errno 34
16 verbose exit [ 34, true ]
